<?xml version="1.0" encoding="UTF-8"?>
<!-- Generated by org.testng.reporters.JUnitXMLReporter -->
<testsuite ignored="2" hostname="DESKTOP-HLONFUV" failures="1" tests="3" name="Test" time="23.925" errors="0" timestamp="2024-11-18T12:04:27 IST">
  <testcase classname="testgroup.testpackage.total" name="placeOrder" time="7.595"/>
  <testcase classname="testgroup.testpackage.total" name="placeOrder" time="8.321"/>
  <testcase classname="testgroup.testpackage.total" name="checkOrderHistory" time="0.001">
    <failure type="org.testng.internal.reflect.MethodMatcherException" message="
[public void testgroup.testpackage.total.checkOrderHistory(java.lang.String,java.lang.String,java.lang.String)] has no parameters defined but was found to be using a data provider (either explicitly specified or inherited from class level annotation).
Data provider mismatch
Method: checkOrderHistory([Parameter{index=0, type=java.lang.String, declaredAnnotations=[]}, Parameter{index=1, type=java.lang.String, declaredAnnotations=[]}, Parameter{index=2, type=java.lang.String, declaredAnnotations=[]}])
Arguments: [(java.util.HashMap) {password=Test@123, email=test.1@gmail.com, productName=ZARA COAT 3}]">
      <![CDATA[org.testng.internal.reflect.MethodMatcherException: 
[public void testgroup.testpackage.total.checkOrderHistory(java.lang.String,java.lang.String,java.lang.String)] has no parameters defined but was found to be using a data provider (either explicitly specified or inherited from class level annotation).
Data provider mismatch
Method: checkOrderHistory([Parameter{index=0, type=java.lang.String, declaredAnnotations=[]}, Parameter{index=1, type=java.lang.String, declaredAnnotations=[]}, Parameter{index=2, type=java.lang.String, declaredAnnotations=[]}])
Arguments: [(java.util.HashMap) {password=Test@123, email=test.1@gmail.com, productName=ZARA COAT 3}]
at java.base/java.util.ArrayList.forEach(ArrayList.java:1596)
... Removed 22 stack frames]]>
    </failure>
  </testcase> <!-- checkOrderHistory -->
  <testcase classname="testgroup.testpackage.Errorvalidation" name="invalidFormat" time="0.0">
    <ignored/>
  </testcase> <!-- invalidFormat -->
  <testcase classname="testgroup.testpackage.Errorvalidation" name="wrongCreds" time="0.0">
    <ignored/>
  </testcase> <!-- wrongCreds -->
</testsuite> <!-- Test -->
