<?xml version="1.0" encoding="UTF-8"?>
<testng-results ignored="0" total="2" passed="2" failed="0" skipped="0">
  <reporter-output>
  </reporter-output>
  <suite started-at="2024-11-18T12:50:32 IST" name="Default suite" finished-at="2024-11-18T12:50:39 IST" duration-ms="7721">
    <groups>
      <group name="error">
        <method signature="Errorvalidation.invalidFormat()[pri:0, instance:testgroup.testpackage.Errorvalidation@61df66b6]" name="invalidFormat" class="testgroup.testpackage.Errorvalidation"/>
        <method signature="Errorvalidation.wrongCreds()[pri:0, instance:testgroup.testpackage.Errorvalidation@61df66b6]" name="wrongCreds" class="testgroup.testpackage.Errorvalidation"/>
      </group> <!-- error -->
    </groups>
    <test started-at="2024-11-18T12:50:32 IST" name="Default test" finished-at="2024-11-18T12:50:39 IST" duration-ms="7721">
      <class name="testgroup.testpackage.Errorvalidation">
        <test-method is-config="true" signature="startapp()[pri:0, instance:testgroup.testpackage.Errorvalidation@61df66b6]" started-at="2024-11-18T12:50:32 IST" name="startapp" finished-at="2024-11-18T12:50:35 IST" duration-ms="3283" status="PASS">
          <reporter-output>
          </reporter-output>
        </test-method> <!-- startapp -->
        <test-method signature="invalidFormat()[pri:0, instance:testgroup.testpackage.Errorvalidation@61df66b6]" started-at="2024-11-18T12:50:35 IST" name="invalidFormat" finished-at="2024-11-18T12:50:35 IST" duration-ms="414" status="PASS">
          <reporter-output>
          </reporter-output>
        </test-method> <!-- invalidFormat -->
        <test-method is-config="true" signature="endTest()[pri:0, instance:testgroup.testpackage.Errorvalidation@61df66b6]" started-at="2024-11-18T12:50:35 IST" name="endTest" finished-at="2024-11-18T12:50:36 IST" duration-ms="180" status="PASS">
          <reporter-output>
          </reporter-output>
        </test-method> <!-- endTest -->
        <test-method is-config="true" signature="startapp()[pri:0, instance:testgroup.testpackage.Errorvalidation@61df66b6]" started-at="2024-11-18T12:50:36 IST" name="startapp" finished-at="2024-11-18T12:50:38 IST" duration-ms="2332" status="PASS">
          <reporter-output>
          </reporter-output>
        </test-method> <!-- startapp -->
        <test-method signature="wrongCreds()[pri:0, instance:testgroup.testpackage.Errorvalidation@61df66b6]" started-at="2024-11-18T12:50:38 IST" name="wrongCreds" finished-at="2024-11-18T12:50:39 IST" duration-ms="1331" status="PASS">
          <reporter-output>
          </reporter-output>
        </test-method> <!-- wrongCreds -->
        <test-method is-config="true" signature="endTest()[pri:0, instance:testgroup.testpackage.Errorvalidation@61df66b6]" started-at="2024-11-18T12:50:39 IST" name="endTest" finished-at="2024-11-18T12:50:39 IST" duration-ms="149" status="PASS">
          <reporter-output>
          </reporter-output>
        </test-method> <!-- endTest -->
      </class> <!-- testgroup.testpackage.Errorvalidation -->
    </test> <!-- Default test -->
  </suite> <!-- Default suite -->
</testng-results>
